The target system is: Generic - 1 - 
The host system is: Linux - 6.2.0-34-generic - x86_64
Compiling the C compiler identification source file "CMakeCCompilerId.c" succeeded.
Compiler: /home/wangguan/Software/arm-none-eabi-gcc/bin/arm-none-eabi-gcc 
Build flags: 
Id flags: -c 

The output was:
0


Compilation of the C compiler identification source "CMakeCCompilerId.c" produced "CMakeCCompilerId.o"

The C compiler identification is GNU, found in "/home/wangguan/桌面/STM32/Lighting_effect_control/cmake-build-debug/CMakeFiles/3.25.2/CompilerIdC/CMakeCCompilerId.o"

Compiling the CXX compiler identification source file "CMakeCXXCompilerId.cpp" succeeded.
Compiler: /home/wangguan/Software/arm-none-eabi-gcc/bin/arm-none-eabi-g++ 
Build flags: 
Id flags: -c 

The output was:
0


Compilation of the CXX compiler identification source "CMakeCXXCompilerId.cpp" produced "CMakeCXXCompilerId.o"

The CXX compiler identification is GNU, found in "/home/wangguan/桌面/STM32/Lighting_effect_control/cmake-build-debug/CMakeFiles/3.25.2/CompilerIdCXX/CMakeCXXCompilerId.o"

Checking whether the ASM compiler is GNU using "--version" matched "(GNU assembler)|(GCC)|(Free Software Foundation)":
arm-none-eabi-gcc (Arm GNU Toolchain 12.3.Rel1 (Build arm-12.35)) 12.3.1 20230626
Copyright (C) 2022 Free Software Foundation, Inc.
This is free software; see the source for copying conditions.  There is NO
warranty; not even for MERCHANTABILITY or FITNESS FOR A PARTICULAR PURPOSE.

Detecting C compiler ABI info compiled with the following output:
Change Dir: /home/wangguan/桌面/STM32/Lighting_effect_control/cmake-build-debug/CMakeFiles/CMakeScratch/TryCompile-PXZXK5

Run Build Command(s):/usr/bin/gmake -f Makefile cmTC_0d34d/fast && /usr/bin/gmake  -f CMakeFiles/cmTC_0d34d.dir/build.make CMakeFiles/cmTC_0d34d.dir/build
gmake[1]: Entering directory '/home/wangguan/桌面/STM32/Lighting_effect_control/cmake-build-debug/CMakeFiles/CMakeScratch/TryCompile-PXZXK5'
Building C object CMakeFiles/cmTC_0d34d.dir/CMakeCCompilerABI.c.obj
/home/wangguan/Software/arm-none-eabi-gcc/bin/arm-none-eabi-gcc   -fdiagnostics-color=always   -v -o CMakeFiles/cmTC_0d34d.dir/CMakeCCompilerABI.c.obj -c /home/wangguan/Software/clion-2023.1.5/bin/cmake/linux/x64/share/cmake-3.25/Modules/CMakeCCompilerABI.c
Using built-in specs.
COLLECT_GCC=/home/wangguan/Software/arm-none-eabi-gcc/bin/arm-none-eabi-gcc
Target: arm-none-eabi
Configured with: /data/jenkins/workspace/GNU-toolchain/arm-12/src/gcc/configure --target=arm-none-eabi --prefix=/data/jenkins/workspace/GNU-toolchain/arm-12/build-arm-none-eabi/install --with-gmp=/data/jenkins/workspace/GNU-toolchain/arm-12/build-arm-none-eabi/host-tools --with-mpfr=/data/jenkins/workspace/GNU-toolchain/arm-12/build-arm-none-eabi/host-tools --with-mpc=/data/jenkins/workspace/GNU-toolchain/arm-12/build-arm-none-eabi/host-tools --with-isl=/data/jenkins/workspace/GNU-toolchain/arm-12/build-arm-none-eabi/host-tools --disable-shared --disable-nls --disable-threads --disable-tls --enable-checking=release --enable-languages=c,c++,fortran --with-newlib --with-gnu-as --with-gnu-ld --with-sysroot=/data/jenkins/workspace/GNU-toolchain/arm-12/build-arm-none-eabi/install/arm-none-eabi --with-multilib-list=aprofile,rmprofile --with-pkgversion='Arm GNU Toolchain 12.3.Rel1 (Build arm-12.35)' --with-bugurl=https://bugs.linaro.org/
Thread model: single
Supported LTO compression algorithms: zlib
gcc version 12.3.1 20230626 (Arm GNU Toolchain 12.3.Rel1 (Build arm-12.35)) 
COLLECT_GCC_OPTIONS='-fdiagnostics-color=always' '-v' '-o' 'CMakeFiles/cmTC_0d34d.dir/CMakeCCompilerABI.c.obj' '-c' '-mcpu=arm7tdmi' '-mfloat-abi=soft' '-marm' '-mlibarch=armv4t' '-march=armv4t' '-dumpdir' 'CMakeFiles/cmTC_0d34d.dir/'
 /home/wangguan/Software/arm-none-eabi-gcc/bin/../libexec/gcc/arm-none-eabi/12.3.1/cc1 -quiet -v -iprefix /home/wangguan/Software/arm-none-eabi-gcc/bin/../lib/gcc/arm-none-eabi/12.3.1/ -isysroot /home/wangguan/Software/arm-none-eabi-gcc/bin/../arm-none-eabi -D__USES_INITFINI__ /home/wangguan/Software/clion-2023.1.5/bin/cmake/linux/x64/share/cmake-3.25/Modules/CMakeCCompilerABI.c -quiet -dumpdir CMakeFiles/cmTC_0d34d.dir/ -dumpbase CMakeCCompilerABI.c.c -dumpbase-ext .c -mcpu=arm7tdmi -mfloat-abi=soft -marm -mlibarch=armv4t -march=armv4t -version -fdiagnostics-color=always -o /tmp/ccdPh8R6.s
GNU C17 (Arm GNU Toolchain 12.3.Rel1 (Build arm-12.35)) version 12.3.1 20230626 (arm-none-eabi)
	compiled by GNU C version 4.8.5 20150623 (Red Hat 4.8.5-44), GMP version 6.2.1, MPFR version 3.1.6, MPC version 1.0.3, isl version isl-0.15-1-g835ea3a-GMP

GGC heuristics: --param ggc-min-expand=100 --param ggc-min-heapsize=131072
ignoring duplicate directory "/home/wangguan/Software/arm-none-eabi-gcc/bin/../lib/gcc/../../lib/gcc/arm-none-eabi/12.3.1/include"
ignoring nonexistent directory "/home/wangguan/Software/arm-none-eabi-gcc/bin/../arm-none-eabi/usr/local/include"
ignoring duplicate directory "/home/wangguan/Software/arm-none-eabi-gcc/bin/../lib/gcc/../../lib/gcc/arm-none-eabi/12.3.1/include-fixed"
ignoring duplicate directory "/home/wangguan/Software/arm-none-eabi-gcc/bin/../lib/gcc/../../lib/gcc/arm-none-eabi/12.3.1/../../../../arm-none-eabi/include"
ignoring nonexistent directory "/home/wangguan/Software/arm-none-eabi-gcc/bin/../arm-none-eabi/usr/include"
#include "..." search starts here:
#include <...> search starts here:
 /home/wangguan/Software/arm-none-eabi-gcc/bin/../lib/gcc/arm-none-eabi/12.3.1/include
 /home/wangguan/Software/arm-none-eabi-gcc/bin/../lib/gcc/arm-none-eabi/12.3.1/include-fixed
 /home/wangguan/Software/arm-none-eabi-gcc/bin/../lib/gcc/arm-none-eabi/12.3.1/../../../../arm-none-eabi/include
End of search list.
GNU C17 (Arm GNU Toolchain 12.3.Rel1 (Build arm-12.35)) version 12.3.1 20230626 (arm-none-eabi)
	compiled by GNU C version 4.8.5 20150623 (Red Hat 4.8.5-44), GMP version 6.2.1, MPFR version 3.1.6, MPC version 1.0.3, isl version isl-0.15-1-g835ea3a-GMP

GGC heuristics: --param ggc-min-expand=100 --param ggc-min-heapsize=131072
Compiler executable checksum: 438b582e669a48ce1020c90eb318abec
COLLECT_GCC_OPTIONS='-fdiagnostics-color=always' '-v' '-o' 'CMakeFiles/cmTC_0d34d.dir/CMakeCCompilerABI.c.obj' '-c' '-mcpu=arm7tdmi' '-mfloat-abi=soft' '-marm' '-mlibarch=armv4t' '-march=armv4t' '-dumpdir' 'CMakeFiles/cmTC_0d34d.dir/'
 /home/wangguan/Software/arm-none-eabi-gcc/bin/../lib/gcc/arm-none-eabi/12.3.1/../../../../arm-none-eabi/bin/as -v -march=armv4t -mfloat-abi=soft -meabi=5 -o CMakeFiles/cmTC_0d34d.dir/CMakeCCompilerABI.c.obj /tmp/ccdPh8R6.s
GNU assembler version 2.40.0 (arm-none-eabi) using BFD version (Arm GNU Toolchain 12.3.Rel1 (Build arm-12.35)) 2.40.0.20230627
COMPILER_PATH=/home/wangguan/Software/arm-none-eabi-gcc/bin/../libexec/gcc/arm-none-eabi/12.3.1/:/home/wangguan/Software/arm-none-eabi-gcc/bin/../libexec/gcc/:/home/wangguan/Software/arm-none-eabi-gcc/bin/../lib/gcc/arm-none-eabi/12.3.1/../../../../arm-none-eabi/bin/
LIBRARY_PATH=/home/wangguan/Software/arm-none-eabi-gcc/bin/../lib/gcc/arm-none-eabi/12.3.1/:/home/wangguan/Software/arm-none-eabi-gcc/bin/../lib/gcc/:/home/wangguan/Software/arm-none-eabi-gcc/bin/../lib/gcc/arm-none-eabi/12.3.1/../../../../arm-none-eabi/lib/:/home/wangguan/Software/arm-none-eabi-gcc/bin/../arm-none-eabi/lib/
COLLECT_GCC_OPTIONS='-fdiagnostics-color=always' '-v' '-o' 'CMakeFiles/cmTC_0d34d.dir/CMakeCCompilerABI.c.obj' '-c' '-mcpu=arm7tdmi' '-mfloat-abi=soft' '-marm' '-mlibarch=armv4t' '-march=armv4t' '-dumpdir' 'CMakeFiles/cmTC_0d34d.dir/CMakeCCompilerABI.c.'
Linking C static library libcmTC_0d34d.a
/home/wangguan/Software/clion-2023.1.5/bin/cmake/linux/x64/bin/cmake -P CMakeFiles/cmTC_0d34d.dir/cmake_clean_target.cmake
/home/wangguan/Software/clion-2023.1.5/bin/cmake/linux/x64/bin/cmake -E cmake_link_script CMakeFiles/cmTC_0d34d.dir/link.txt --verbose=1
arm-none-eabi-ar qc libcmTC_0d34d.a CMakeFiles/cmTC_0d34d.dir/CMakeCCompilerABI.c.obj
/home/wangguan/Software/arm-none-eabi-gcc/bin/arm-none-eabi-ranlib libcmTC_0d34d.a
gmake[1]: Leaving directory '/home/wangguan/桌面/STM32/Lighting_effect_control/cmake-build-debug/CMakeFiles/CMakeScratch/TryCompile-PXZXK5'



Parsed C implicit include dir info from above output: rv=done
  found start of include info
  found start of implicit include info
    add: [/home/wangguan/Software/arm-none-eabi-gcc/bin/../lib/gcc/arm-none-eabi/12.3.1/include]
    add: [/home/wangguan/Software/arm-none-eabi-gcc/bin/../lib/gcc/arm-none-eabi/12.3.1/include-fixed]
    add: [/home/wangguan/Software/arm-none-eabi-gcc/bin/../lib/gcc/arm-none-eabi/12.3.1/../../../../arm-none-eabi/include]
  end of search list found
  collapse include dir [/home/wangguan/Software/arm-none-eabi-gcc/bin/../lib/gcc/arm-none-eabi/12.3.1/include] ==> [/home/wangguan/Software/arm-none-eabi-gcc/lib/gcc/arm-none-eabi/12.3.1/include]
  collapse include dir [/home/wangguan/Software/arm-none-eabi-gcc/bin/../lib/gcc/arm-none-eabi/12.3.1/include-fixed] ==> [/home/wangguan/Software/arm-none-eabi-gcc/lib/gcc/arm-none-eabi/12.3.1/include-fixed]
  collapse include dir [/home/wangguan/Software/arm-none-eabi-gcc/bin/../lib/gcc/arm-none-eabi/12.3.1/../../../../arm-none-eabi/include] ==> [/home/wangguan/Software/arm-none-eabi-gcc/arm-none-eabi/include]
  implicit include dirs: [/home/wangguan/Software/arm-none-eabi-gcc/lib/gcc/arm-none-eabi/12.3.1/include;/home/wangguan/Software/arm-none-eabi-gcc/lib/gcc/arm-none-eabi/12.3.1/include-fixed;/home/wangguan/Software/arm-none-eabi-gcc/arm-none-eabi/include]


Parsed C implicit link information from above output:
  link line regex: [^( *|.*[/\])(arm-none-eabi-ld|CMAKE_LINK_STARTFILE-NOTFOUND|([^/\]+-)?ld|collect2)[^/\]*( |$)]
  ignore line: [Change Dir: /home/wangguan/桌面/STM32/Lighting_effect_control/cmake-build-debug/CMakeFiles/CMakeScratch/TryCompile-PXZXK5]
  ignore line: []
  ignore line: [Run Build Command(s):/usr/bin/gmake -f Makefile cmTC_0d34d/fast && /usr/bin/gmake  -f CMakeFiles/cmTC_0d34d.dir/build.make CMakeFiles/cmTC_0d34d.dir/build]
  ignore line: [gmake[1]: Entering directory '/home/wangguan/桌面/STM32/Lighting_effect_control/cmake-build-debug/CMakeFiles/CMakeScratch/TryCompile-PXZXK5']
  ignore line: [Building C object CMakeFiles/cmTC_0d34d.dir/CMakeCCompilerABI.c.obj]
  ignore line: [/home/wangguan/Software/arm-none-eabi-gcc/bin/arm-none-eabi-gcc   -fdiagnostics-color=always   -v -o CMakeFiles/cmTC_0d34d.dir/CMakeCCompilerABI.c.obj -c /home/wangguan/Software/clion-2023.1.5/bin/cmake/linux/x64/share/cmake-3.25/Modules/CMakeCCompilerABI.c]
  ignore line: [Using built-in specs.]
  ignore line: [COLLECT_GCC=/home/wangguan/Software/arm-none-eabi-gcc/bin/arm-none-eabi-gcc]
  ignore line: [Target: arm-none-eabi]
  ignore line: [Configured with: /data/jenkins/workspace/GNU-toolchain/arm-12/src/gcc/configure --target=arm-none-eabi --prefix=/data/jenkins/workspace/GNU-toolchain/arm-12/build-arm-none-eabi/install --with-gmp=/data/jenkins/workspace/GNU-toolchain/arm-12/build-arm-none-eabi/host-tools --with-mpfr=/data/jenkins/workspace/GNU-toolchain/arm-12/build-arm-none-eabi/host-tools --with-mpc=/data/jenkins/workspace/GNU-toolchain/arm-12/build-arm-none-eabi/host-tools --with-isl=/data/jenkins/workspace/GNU-toolchain/arm-12/build-arm-none-eabi/host-tools --disable-shared --disable-nls --disable-threads --disable-tls --enable-checking=release --enable-languages=c,c++,fortran --with-newlib --with-gnu-as --with-gnu-ld --with-sysroot=/data/jenkins/workspace/GNU-toolchain/arm-12/build-arm-none-eabi/install/arm-none-eabi --with-multilib-list=aprofile,rmprofile --with-pkgversion='Arm GNU Toolchain 12.3.Rel1 (Build arm-12.35)' --with-bugurl=https://bugs.linaro.org/]
  ignore line: [Thread model: single]
  ignore line: [Supported LTO compression algorithms: zlib]
  ignore line: [gcc version 12.3.1 20230626 (Arm GNU Toolchain 12.3.Rel1 (Build arm-12.35)) ]
  ignore line: [COLLECT_GCC_OPTIONS='-fdiagnostics-color=always' '-v' '-o' 'CMakeFiles/cmTC_0d34d.dir/CMakeCCompilerABI.c.obj' '-c' '-mcpu=arm7tdmi' '-mfloat-abi=soft' '-marm' '-mlibarch=armv4t' '-march=armv4t' '-dumpdir' 'CMakeFiles/cmTC_0d34d.dir/']
  ignore line: [ /home/wangguan/Software/arm-none-eabi-gcc/bin/../libexec/gcc/arm-none-eabi/12.3.1/cc1 -quiet -v -iprefix /home/wangguan/Software/arm-none-eabi-gcc/bin/../lib/gcc/arm-none-eabi/12.3.1/ -isysroot /home/wangguan/Software/arm-none-eabi-gcc/bin/../arm-none-eabi -D__USES_INITFINI__ /home/wangguan/Software/clion-2023.1.5/bin/cmake/linux/x64/share/cmake-3.25/Modules/CMakeCCompilerABI.c -quiet -dumpdir CMakeFiles/cmTC_0d34d.dir/ -dumpbase CMakeCCompilerABI.c.c -dumpbase-ext .c -mcpu=arm7tdmi -mfloat-abi=soft -marm -mlibarch=armv4t -march=armv4t -version -fdiagnostics-color=always -o /tmp/ccdPh8R6.s]
  ignore line: [GNU C17 (Arm GNU Toolchain 12.3.Rel1 (Build arm-12.35)) version 12.3.1 20230626 (arm-none-eabi)]
  ignore line: [	compiled by GNU C version 4.8.5 20150623 (Red Hat 4.8.5-44)  GMP version 6.2.1  MPFR version 3.1.6  MPC version 1.0.3  isl version isl-0.15-1-g835ea3a-GMP]
  ignore line: []
  ignore line: [GGC heuristics: --param ggc-min-expand=100 --param ggc-min-heapsize=131072]
  ignore line: [ignoring duplicate directory "/home/wangguan/Software/arm-none-eabi-gcc/bin/../lib/gcc/../../lib/gcc/arm-none-eabi/12.3.1/include"]
  ignore line: [ignoring nonexistent directory "/home/wangguan/Software/arm-none-eabi-gcc/bin/../arm-none-eabi/usr/local/include"]
  ignore line: [ignoring duplicate directory "/home/wangguan/Software/arm-none-eabi-gcc/bin/../lib/gcc/../../lib/gcc/arm-none-eabi/12.3.1/include-fixed"]
  ignore line: [ignoring duplicate directory "/home/wangguan/Software/arm-none-eabi-gcc/bin/../lib/gcc/../../lib/gcc/arm-none-eabi/12.3.1/../../../../arm-none-eabi/include"]
  ignore line: [ignoring nonexistent directory "/home/wangguan/Software/arm-none-eabi-gcc/bin/../arm-none-eabi/usr/include"]
  ignore line: [#include "..." search starts here:]
  ignore line: [#include <...> search starts here:]
  ignore line: [ /home/wangguan/Software/arm-none-eabi-gcc/bin/../lib/gcc/arm-none-eabi/12.3.1/include]
  ignore line: [ /home/wangguan/Software/arm-none-eabi-gcc/bin/../lib/gcc/arm-none-eabi/12.3.1/include-fixed]
  ignore line: [ /home/wangguan/Software/arm-none-eabi-gcc/bin/../lib/gcc/arm-none-eabi/12.3.1/../../../../arm-none-eabi/include]
  ignore line: [End of search list.]
  ignore line: [GNU C17 (Arm GNU Toolchain 12.3.Rel1 (Build arm-12.35)) version 12.3.1 20230626 (arm-none-eabi)]
  ignore line: [	compiled by GNU C version 4.8.5 20150623 (Red Hat 4.8.5-44)  GMP version 6.2.1  MPFR version 3.1.6  MPC version 1.0.3  isl version isl-0.15-1-g835ea3a-GMP]
  ignore line: []
  ignore line: [GGC heuristics: --param ggc-min-expand=100 --param ggc-min-heapsize=131072]
  ignore line: [Compiler executable checksum: 438b582e669a48ce1020c90eb318abec]
  ignore line: [COLLECT_GCC_OPTIONS='-fdiagnostics-color=always' '-v' '-o' 'CMakeFiles/cmTC_0d34d.dir/CMakeCCompilerABI.c.obj' '-c' '-mcpu=arm7tdmi' '-mfloat-abi=soft' '-marm' '-mlibarch=armv4t' '-march=armv4t' '-dumpdir' 'CMakeFiles/cmTC_0d34d.dir/']
  ignore line: [ /home/wangguan/Software/arm-none-eabi-gcc/bin/../lib/gcc/arm-none-eabi/12.3.1/../../../../arm-none-eabi/bin/as -v -march=armv4t -mfloat-abi=soft -meabi=5 -o CMakeFiles/cmTC_0d34d.dir/CMakeCCompilerABI.c.obj /tmp/ccdPh8R6.s]
  ignore line: [GNU assembler version 2.40.0 (arm-none-eabi) using BFD version (Arm GNU Toolchain 12.3.Rel1 (Build arm-12.35)) 2.40.0.20230627]
  ignore line: [COMPILER_PATH=/home/wangguan/Software/arm-none-eabi-gcc/bin/../libexec/gcc/arm-none-eabi/12.3.1/:/home/wangguan/Software/arm-none-eabi-gcc/bin/../libexec/gcc/:/home/wangguan/Software/arm-none-eabi-gcc/bin/../lib/gcc/arm-none-eabi/12.3.1/../../../../arm-none-eabi/bin/]
  ignore line: [LIBRARY_PATH=/home/wangguan/Software/arm-none-eabi-gcc/bin/../lib/gcc/arm-none-eabi/12.3.1/:/home/wangguan/Software/arm-none-eabi-gcc/bin/../lib/gcc/:/home/wangguan/Software/arm-none-eabi-gcc/bin/../lib/gcc/arm-none-eabi/12.3.1/../../../../arm-none-eabi/lib/:/home/wangguan/Software/arm-none-eabi-gcc/bin/../arm-none-eabi/lib/]
  ignore line: [COLLECT_GCC_OPTIONS='-fdiagnostics-color=always' '-v' '-o' 'CMakeFiles/cmTC_0d34d.dir/CMakeCCompilerABI.c.obj' '-c' '-mcpu=arm7tdmi' '-mfloat-abi=soft' '-marm' '-mlibarch=armv4t' '-march=armv4t' '-dumpdir' 'CMakeFiles/cmTC_0d34d.dir/CMakeCCompilerABI.c.']
  ignore line: [Linking C static library libcmTC_0d34d.a]
  ignore line: [/home/wangguan/Software/clion-2023.1.5/bin/cmake/linux/x64/bin/cmake -P CMakeFiles/cmTC_0d34d.dir/cmake_clean_target.cmake]
  ignore line: [/home/wangguan/Software/clion-2023.1.5/bin/cmake/linux/x64/bin/cmake -E cmake_link_script CMakeFiles/cmTC_0d34d.dir/link.txt --verbose=1]
  ignore line: [arm-none-eabi-ar qc libcmTC_0d34d.a CMakeFiles/cmTC_0d34d.dir/CMakeCCompilerABI.c.obj]
  ignore line: [/home/wangguan/Software/arm-none-eabi-gcc/bin/arm-none-eabi-ranlib libcmTC_0d34d.a]
  ignore line: [gmake[1]: Leaving directory '/home/wangguan/桌面/STM32/Lighting_effect_control/cmake-build-debug/CMakeFiles/CMakeScratch/TryCompile-PXZXK5']
  ignore line: []
  ignore line: []
  implicit libs: []
  implicit objs: []
  implicit dirs: []
  implicit fwks: []


Detecting CXX compiler ABI info compiled with the following output:
Change Dir: /home/wangguan/桌面/STM32/Lighting_effect_control/cmake-build-debug/CMakeFiles/CMakeScratch/TryCompile-xyXkxx

Run Build Command(s):/usr/bin/gmake -f Makefile cmTC_d6819/fast && /usr/bin/gmake  -f CMakeFiles/cmTC_d6819.dir/build.make CMakeFiles/cmTC_d6819.dir/build
gmake[1]: Entering directory '/home/wangguan/桌面/STM32/Lighting_effect_control/cmake-build-debug/CMakeFiles/CMakeScratch/TryCompile-xyXkxx'
Building CXX object CMakeFiles/cmTC_d6819.dir/CMakeCXXCompilerABI.cpp.obj
/home/wangguan/Software/arm-none-eabi-gcc/bin/arm-none-eabi-g++   -fdiagnostics-color=always   -v -o CMakeFiles/cmTC_d6819.dir/CMakeCXXCompilerABI.cpp.obj -c /home/wangguan/Software/clion-2023.1.5/bin/cmake/linux/x64/share/cmake-3.25/Modules/CMakeCXXCompilerABI.cpp
Using built-in specs.
COLLECT_GCC=/home/wangguan/Software/arm-none-eabi-gcc/bin/arm-none-eabi-g++
Target: arm-none-eabi
Configured with: /data/jenkins/workspace/GNU-toolchain/arm-12/src/gcc/configure --target=arm-none-eabi --prefix=/data/jenkins/workspace/GNU-toolchain/arm-12/build-arm-none-eabi/install --with-gmp=/data/jenkins/workspace/GNU-toolchain/arm-12/build-arm-none-eabi/host-tools --with-mpfr=/data/jenkins/workspace/GNU-toolchain/arm-12/build-arm-none-eabi/host-tools --with-mpc=/data/jenkins/workspace/GNU-toolchain/arm-12/build-arm-none-eabi/host-tools --with-isl=/data/jenkins/workspace/GNU-toolchain/arm-12/build-arm-none-eabi/host-tools --disable-shared --disable-nls --disable-threads --disable-tls --enable-checking=release --enable-languages=c,c++,fortran --with-newlib --with-gnu-as --with-gnu-ld --with-sysroot=/data/jenkins/workspace/GNU-toolchain/arm-12/build-arm-none-eabi/install/arm-none-eabi --with-multilib-list=aprofile,rmprofile --with-pkgversion='Arm GNU Toolchain 12.3.Rel1 (Build arm-12.35)' --with-bugurl=https://bugs.linaro.org/
Thread model: single
Supported LTO compression algorithms: zlib
gcc version 12.3.1 20230626 (Arm GNU Toolchain 12.3.Rel1 (Build arm-12.35)) 
COLLECT_GCC_OPTIONS='-fdiagnostics-color=always' '-v' '-o' 'CMakeFiles/cmTC_d6819.dir/CMakeCXXCompilerABI.cpp.obj' '-c' '-mcpu=arm7tdmi' '-mfloat-abi=soft' '-marm' '-mlibarch=armv4t' '-march=armv4t' '-dumpdir' 'CMakeFiles/cmTC_d6819.dir/'
 /home/wangguan/Software/arm-none-eabi-gcc/bin/../libexec/gcc/arm-none-eabi/12.3.1/cc1plus -quiet -v -iprefix /home/wangguan/Software/arm-none-eabi-gcc/bin/../lib/gcc/arm-none-eabi/12.3.1/ -isysroot /home/wangguan/Software/arm-none-eabi-gcc/bin/../arm-none-eabi -D__USES_INITFINI__ /home/wangguan/Software/clion-2023.1.5/bin/cmake/linux/x64/share/cmake-3.25/Modules/CMakeCXXCompilerABI.cpp -quiet -dumpdir CMakeFiles/cmTC_d6819.dir/ -dumpbase CMakeCXXCompilerABI.cpp.cpp -dumpbase-ext .cpp -mcpu=arm7tdmi -mfloat-abi=soft -marm -mlibarch=armv4t -march=armv4t -version -fdiagnostics-color=always -o /tmp/ccg36NRn.s
GNU C++17 (Arm GNU Toolchain 12.3.Rel1 (Build arm-12.35)) version 12.3.1 20230626 (arm-none-eabi)
	compiled by GNU C version 4.8.5 20150623 (Red Hat 4.8.5-44), GMP version 6.2.1, MPFR version 3.1.6, MPC version 1.0.3, isl version isl-0.15-1-g835ea3a-GMP

GGC heuristics: --param ggc-min-expand=100 --param ggc-min-heapsize=131072
ignoring duplicate directory "/home/wangguan/Software/arm-none-eabi-gcc/bin/../lib/gcc/../../lib/gcc/arm-none-eabi/12.3.1/../../../../arm-none-eabi/include/c++/12.3.1"
ignoring duplicate directory "/home/wangguan/Software/arm-none-eabi-gcc/bin/../lib/gcc/../../lib/gcc/arm-none-eabi/12.3.1/../../../../arm-none-eabi/include/c++/12.3.1/arm-none-eabi"
ignoring duplicate directory "/home/wangguan/Software/arm-none-eabi-gcc/bin/../lib/gcc/../../lib/gcc/arm-none-eabi/12.3.1/../../../../arm-none-eabi/include/c++/12.3.1/backward"
ignoring duplicate directory "/home/wangguan/Software/arm-none-eabi-gcc/bin/../lib/gcc/../../lib/gcc/arm-none-eabi/12.3.1/include"
ignoring nonexistent directory "/home/wangguan/Software/arm-none-eabi-gcc/bin/../arm-none-eabi/usr/local/include"
ignoring duplicate directory "/home/wangguan/Software/arm-none-eabi-gcc/bin/../lib/gcc/../../lib/gcc/arm-none-eabi/12.3.1/include-fixed"
ignoring duplicate directory "/home/wangguan/Software/arm-none-eabi-gcc/bin/../lib/gcc/../../lib/gcc/arm-none-eabi/12.3.1/../../../../arm-none-eabi/include"
ignoring nonexistent directory "/home/wangguan/Software/arm-none-eabi-gcc/bin/../arm-none-eabi/usr/include"
#include "..." search starts here:
#include <...> search starts here:
 /home/wangguan/Software/arm-none-eabi-gcc/bin/../lib/gcc/arm-none-eabi/12.3.1/../../../../arm-none-eabi/include/c++/12.3.1
 /home/wangguan/Software/arm-none-eabi-gcc/bin/../lib/gcc/arm-none-eabi/12.3.1/../../../../arm-none-eabi/include/c++/12.3.1/arm-none-eabi
 /home/wangguan/Software/arm-none-eabi-gcc/bin/../lib/gcc/arm-none-eabi/12.3.1/../../../../arm-none-eabi/include/c++/12.3.1/backward
 /home/wangguan/Software/arm-none-eabi-gcc/bin/../lib/gcc/arm-none-eabi/12.3.1/include
 /home/wangguan/Software/arm-none-eabi-gcc/bin/../lib/gcc/arm-none-eabi/12.3.1/include-fixed
 /home/wangguan/Software/arm-none-eabi-gcc/bin/../lib/gcc/arm-none-eabi/12.3.1/../../../../arm-none-eabi/include
End of search list.
GNU C++17 (Arm GNU Toolchain 12.3.Rel1 (Build arm-12.35)) version 12.3.1 20230626 (arm-none-eabi)
	compiled by GNU C version 4.8.5 20150623 (Red Hat 4.8.5-44), GMP version 6.2.1, MPFR version 3.1.6, MPC version 1.0.3, isl version isl-0.15-1-g835ea3a-GMP

GGC heuristics: --param ggc-min-expand=100 --param ggc-min-heapsize=131072
Compiler executable checksum: f4effcca7e7be5b700cb3eb6c8c498de
COLLECT_GCC_OPTIONS='-fdiagnostics-color=always' '-v' '-o' 'CMakeFiles/cmTC_d6819.dir/CMakeCXXCompilerABI.cpp.obj' '-c' '-mcpu=arm7tdmi' '-mfloat-abi=soft' '-marm' '-mlibarch=armv4t' '-march=armv4t' '-dumpdir' 'CMakeFiles/cmTC_d6819.dir/'
 /home/wangguan/Software/arm-none-eabi-gcc/bin/../lib/gcc/arm-none-eabi/12.3.1/../../../../arm-none-eabi/bin/as -v -march=armv4t -mfloat-abi=soft -meabi=5 -o CMakeFiles/cmTC_d6819.dir/CMakeCXXCompilerABI.cpp.obj /tmp/ccg36NRn.s
GNU assembler version 2.40.0 (arm-none-eabi) using BFD version (Arm GNU Toolchain 12.3.Rel1 (Build arm-12.35)) 2.40.0.20230627
COMPILER_PATH=/home/wangguan/Software/arm-none-eabi-gcc/bin/../libexec/gcc/arm-none-eabi/12.3.1/:/home/wangguan/Software/arm-none-eabi-gcc/bin/../libexec/gcc/:/home/wangguan/Software/arm-none-eabi-gcc/bin/../lib/gcc/arm-none-eabi/12.3.1/../../../../arm-none-eabi/bin/
LIBRARY_PATH=/home/wangguan/Software/arm-none-eabi-gcc/bin/../lib/gcc/arm-none-eabi/12.3.1/:/home/wangguan/Software/arm-none-eabi-gcc/bin/../lib/gcc/:/home/wangguan/Software/arm-none-eabi-gcc/bin/../lib/gcc/arm-none-eabi/12.3.1/../../../../arm-none-eabi/lib/:/home/wangguan/Software/arm-none-eabi-gcc/bin/../arm-none-eabi/lib/
COLLECT_GCC_OPTIONS='-fdiagnostics-color=always' '-v' '-o' 'CMakeFiles/cmTC_d6819.dir/CMakeCXXCompilerABI.cpp.obj' '-c' '-mcpu=arm7tdmi' '-mfloat-abi=soft' '-marm' '-mlibarch=armv4t' '-march=armv4t' '-dumpdir' 'CMakeFiles/cmTC_d6819.dir/CMakeCXXCompilerABI.cpp.'
Linking CXX static library libcmTC_d6819.a
/home/wangguan/Software/clion-2023.1.5/bin/cmake/linux/x64/bin/cmake -P CMakeFiles/cmTC_d6819.dir/cmake_clean_target.cmake
/home/wangguan/Software/clion-2023.1.5/bin/cmake/linux/x64/bin/cmake -E cmake_link_script CMakeFiles/cmTC_d6819.dir/link.txt --verbose=1
arm-none-eabi-ar qc libcmTC_d6819.a CMakeFiles/cmTC_d6819.dir/CMakeCXXCompilerABI.cpp.obj
/home/wangguan/Software/arm-none-eabi-gcc/bin/arm-none-eabi-ranlib libcmTC_d6819.a
gmake[1]: Leaving directory '/home/wangguan/桌面/STM32/Lighting_effect_control/cmake-build-debug/CMakeFiles/CMakeScratch/TryCompile-xyXkxx'



Parsed CXX implicit include dir info from above output: rv=done
  found start of include info
  found start of implicit include info
    add: [/home/wangguan/Software/arm-none-eabi-gcc/bin/../lib/gcc/arm-none-eabi/12.3.1/../../../../arm-none-eabi/include/c++/12.3.1]
    add: [/home/wangguan/Software/arm-none-eabi-gcc/bin/../lib/gcc/arm-none-eabi/12.3.1/../../../../arm-none-eabi/include/c++/12.3.1/arm-none-eabi]
    add: [/home/wangguan/Software/arm-none-eabi-gcc/bin/../lib/gcc/arm-none-eabi/12.3.1/../../../../arm-none-eabi/include/c++/12.3.1/backward]
    add: [/home/wangguan/Software/arm-none-eabi-gcc/bin/../lib/gcc/arm-none-eabi/12.3.1/include]
    add: [/home/wangguan/Software/arm-none-eabi-gcc/bin/../lib/gcc/arm-none-eabi/12.3.1/include-fixed]
    add: [/home/wangguan/Software/arm-none-eabi-gcc/bin/../lib/gcc/arm-none-eabi/12.3.1/../../../../arm-none-eabi/include]
  end of search list found
  collapse include dir [/home/wangguan/Software/arm-none-eabi-gcc/bin/../lib/gcc/arm-none-eabi/12.3.1/../../../../arm-none-eabi/include/c++/12.3.1] ==> [/home/wangguan/Software/arm-none-eabi-gcc/arm-none-eabi/include/c++/12.3.1]
  collapse include dir [/home/wangguan/Software/arm-none-eabi-gcc/bin/../lib/gcc/arm-none-eabi/12.3.1/../../../../arm-none-eabi/include/c++/12.3.1/arm-none-eabi] ==> [/home/wangguan/Software/arm-none-eabi-gcc/arm-none-eabi/include/c++/12.3.1/arm-none-eabi]
  collapse include dir [/home/wangguan/Software/arm-none-eabi-gcc/bin/../lib/gcc/arm-none-eabi/12.3.1/../../../../arm-none-eabi/include/c++/12.3.1/backward] ==> [/home/wangguan/Software/arm-none-eabi-gcc/arm-none-eabi/include/c++/12.3.1/backward]
  collapse include dir [/home/wangguan/Software/arm-none-eabi-gcc/bin/../lib/gcc/arm-none-eabi/12.3.1/include] ==> [/home/wangguan/Software/arm-none-eabi-gcc/lib/gcc/arm-none-eabi/12.3.1/include]
  collapse include dir [/home/wangguan/Software/arm-none-eabi-gcc/bin/../lib/gcc/arm-none-eabi/12.3.1/include-fixed] ==> [/home/wangguan/Software/arm-none-eabi-gcc/lib/gcc/arm-none-eabi/12.3.1/include-fixed]
  collapse include dir [/home/wangguan/Software/arm-none-eabi-gcc/bin/../lib/gcc/arm-none-eabi/12.3.1/../../../../arm-none-eabi/include] ==> [/home/wangguan/Software/arm-none-eabi-gcc/arm-none-eabi/include]
  implicit include dirs: [/home/wangguan/Software/arm-none-eabi-gcc/arm-none-eabi/include/c++/12.3.1;/home/wangguan/Software/arm-none-eabi-gcc/arm-none-eabi/include/c++/12.3.1/arm-none-eabi;/home/wangguan/Software/arm-none-eabi-gcc/arm-none-eabi/include/c++/12.3.1/backward;/home/wangguan/Software/arm-none-eabi-gcc/lib/gcc/arm-none-eabi/12.3.1/include;/home/wangguan/Software/arm-none-eabi-gcc/lib/gcc/arm-none-eabi/12.3.1/include-fixed;/home/wangguan/Software/arm-none-eabi-gcc/arm-none-eabi/include]


Parsed CXX implicit link information from above output:
  link line regex: [^( *|.*[/\])(arm-none-eabi-ld|CMAKE_LINK_STARTFILE-NOTFOUND|([^/\]+-)?ld|collect2)[^/\]*( |$)]
  ignore line: [Change Dir: /home/wangguan/桌面/STM32/Lighting_effect_control/cmake-build-debug/CMakeFiles/CMakeScratch/TryCompile-xyXkxx]
  ignore line: []
  ignore line: [Run Build Command(s):/usr/bin/gmake -f Makefile cmTC_d6819/fast && /usr/bin/gmake  -f CMakeFiles/cmTC_d6819.dir/build.make CMakeFiles/cmTC_d6819.dir/build]
  ignore line: [gmake[1]: Entering directory '/home/wangguan/桌面/STM32/Lighting_effect_control/cmake-build-debug/CMakeFiles/CMakeScratch/TryCompile-xyXkxx']
  ignore line: [Building CXX object CMakeFiles/cmTC_d6819.dir/CMakeCXXCompilerABI.cpp.obj]
  ignore line: [/home/wangguan/Software/arm-none-eabi-gcc/bin/arm-none-eabi-g++   -fdiagnostics-color=always   -v -o CMakeFiles/cmTC_d6819.dir/CMakeCXXCompilerABI.cpp.obj -c /home/wangguan/Software/clion-2023.1.5/bin/cmake/linux/x64/share/cmake-3.25/Modules/CMakeCXXCompilerABI.cpp]
  ignore line: [Using built-in specs.]
  ignore line: [COLLECT_GCC=/home/wangguan/Software/arm-none-eabi-gcc/bin/arm-none-eabi-g++]
  ignore line: [Target: arm-none-eabi]
  ignore line: [Configured with: /data/jenkins/workspace/GNU-toolchain/arm-12/src/gcc/configure --target=arm-none-eabi --prefix=/data/jenkins/workspace/GNU-toolchain/arm-12/build-arm-none-eabi/install --with-gmp=/data/jenkins/workspace/GNU-toolchain/arm-12/build-arm-none-eabi/host-tools --with-mpfr=/data/jenkins/workspace/GNU-toolchain/arm-12/build-arm-none-eabi/host-tools --with-mpc=/data/jenkins/workspace/GNU-toolchain/arm-12/build-arm-none-eabi/host-tools --with-isl=/data/jenkins/workspace/GNU-toolchain/arm-12/build-arm-none-eabi/host-tools --disable-shared --disable-nls --disable-threads --disable-tls --enable-checking=release --enable-languages=c,c++,fortran --with-newlib --with-gnu-as --with-gnu-ld --with-sysroot=/data/jenkins/workspace/GNU-toolchain/arm-12/build-arm-none-eabi/install/arm-none-eabi --with-multilib-list=aprofile,rmprofile --with-pkgversion='Arm GNU Toolchain 12.3.Rel1 (Build arm-12.35)' --with-bugurl=https://bugs.linaro.org/]
  ignore line: [Thread model: single]
  ignore line: [Supported LTO compression algorithms: zlib]
  ignore line: [gcc version 12.3.1 20230626 (Arm GNU Toolchain 12.3.Rel1 (Build arm-12.35)) ]
  ignore line: [COLLECT_GCC_OPTIONS='-fdiagnostics-color=always' '-v' '-o' 'CMakeFiles/cmTC_d6819.dir/CMakeCXXCompilerABI.cpp.obj' '-c' '-mcpu=arm7tdmi' '-mfloat-abi=soft' '-marm' '-mlibarch=armv4t' '-march=armv4t' '-dumpdir' 'CMakeFiles/cmTC_d6819.dir/']
  ignore line: [ /home/wangguan/Software/arm-none-eabi-gcc/bin/../libexec/gcc/arm-none-eabi/12.3.1/cc1plus -quiet -v -iprefix /home/wangguan/Software/arm-none-eabi-gcc/bin/../lib/gcc/arm-none-eabi/12.3.1/ -isysroot /home/wangguan/Software/arm-none-eabi-gcc/bin/../arm-none-eabi -D__USES_INITFINI__ /home/wangguan/Software/clion-2023.1.5/bin/cmake/linux/x64/share/cmake-3.25/Modules/CMakeCXXCompilerABI.cpp -quiet -dumpdir CMakeFiles/cmTC_d6819.dir/ -dumpbase CMakeCXXCompilerABI.cpp.cpp -dumpbase-ext .cpp -mcpu=arm7tdmi -mfloat-abi=soft -marm -mlibarch=armv4t -march=armv4t -version -fdiagnostics-color=always -o /tmp/ccg36NRn.s]
  ignore line: [GNU C++17 (Arm GNU Toolchain 12.3.Rel1 (Build arm-12.35)) version 12.3.1 20230626 (arm-none-eabi)]
  ignore line: [	compiled by GNU C version 4.8.5 20150623 (Red Hat 4.8.5-44)  GMP version 6.2.1  MPFR version 3.1.6  MPC version 1.0.3  isl version isl-0.15-1-g835ea3a-GMP]
  ignore line: []
  ignore line: [GGC heuristics: --param ggc-min-expand=100 --param ggc-min-heapsize=131072]
  ignore line: [ignoring duplicate directory "/home/wangguan/Software/arm-none-eabi-gcc/bin/../lib/gcc/../../lib/gcc/arm-none-eabi/12.3.1/../../../../arm-none-eabi/include/c++/12.3.1"]
  ignore line: [ignoring duplicate directory "/home/wangguan/Software/arm-none-eabi-gcc/bin/../lib/gcc/../../lib/gcc/arm-none-eabi/12.3.1/../../../../arm-none-eabi/include/c++/12.3.1/arm-none-eabi"]
  ignore line: [ignoring duplicate directory "/home/wangguan/Software/arm-none-eabi-gcc/bin/../lib/gcc/../../lib/gcc/arm-none-eabi/12.3.1/../../../../arm-none-eabi/include/c++/12.3.1/backward"]
  ignore line: [ignoring duplicate directory "/home/wangguan/Software/arm-none-eabi-gcc/bin/../lib/gcc/../../lib/gcc/arm-none-eabi/12.3.1/include"]
  ignore line: [ignoring nonexistent directory "/home/wangguan/Software/arm-none-eabi-gcc/bin/../arm-none-eabi/usr/local/include"]
  ignore line: [ignoring duplicate directory "/home/wangguan/Software/arm-none-eabi-gcc/bin/../lib/gcc/../../lib/gcc/arm-none-eabi/12.3.1/include-fixed"]
  ignore line: [ignoring duplicate directory "/home/wangguan/Software/arm-none-eabi-gcc/bin/../lib/gcc/../../lib/gcc/arm-none-eabi/12.3.1/../../../../arm-none-eabi/include"]
  ignore line: [ignoring nonexistent directory "/home/wangguan/Software/arm-none-eabi-gcc/bin/../arm-none-eabi/usr/include"]
  ignore line: [#include "..." search starts here:]
  ignore line: [#include <...> search starts here:]
  ignore line: [ /home/wangguan/Software/arm-none-eabi-gcc/bin/../lib/gcc/arm-none-eabi/12.3.1/../../../../arm-none-eabi/include/c++/12.3.1]
  ignore line: [ /home/wangguan/Software/arm-none-eabi-gcc/bin/../lib/gcc/arm-none-eabi/12.3.1/../../../../arm-none-eabi/include/c++/12.3.1/arm-none-eabi]
  ignore line: [ /home/wangguan/Software/arm-none-eabi-gcc/bin/../lib/gcc/arm-none-eabi/12.3.1/../../../../arm-none-eabi/include/c++/12.3.1/backward]
  ignore line: [ /home/wangguan/Software/arm-none-eabi-gcc/bin/../lib/gcc/arm-none-eabi/12.3.1/include]
  ignore line: [ /home/wangguan/Software/arm-none-eabi-gcc/bin/../lib/gcc/arm-none-eabi/12.3.1/include-fixed]
  ignore line: [ /home/wangguan/Software/arm-none-eabi-gcc/bin/../lib/gcc/arm-none-eabi/12.3.1/../../../../arm-none-eabi/include]
  ignore line: [End of search list.]
  ignore line: [GNU C++17 (Arm GNU Toolchain 12.3.Rel1 (Build arm-12.35)) version 12.3.1 20230626 (arm-none-eabi)]
  ignore line: [	compiled by GNU C version 4.8.5 20150623 (Red Hat 4.8.5-44)  GMP version 6.2.1  MPFR version 3.1.6  MPC version 1.0.3  isl version isl-0.15-1-g835ea3a-GMP]
  ignore line: []
  ignore line: [GGC heuristics: --param ggc-min-expand=100 --param ggc-min-heapsize=131072]
  ignore line: [Compiler executable checksum: f4effcca7e7be5b700cb3eb6c8c498de]
  ignore line: [COLLECT_GCC_OPTIONS='-fdiagnostics-color=always' '-v' '-o' 'CMakeFiles/cmTC_d6819.dir/CMakeCXXCompilerABI.cpp.obj' '-c' '-mcpu=arm7tdmi' '-mfloat-abi=soft' '-marm' '-mlibarch=armv4t' '-march=armv4t' '-dumpdir' 'CMakeFiles/cmTC_d6819.dir/']
  ignore line: [ /home/wangguan/Software/arm-none-eabi-gcc/bin/../lib/gcc/arm-none-eabi/12.3.1/../../../../arm-none-eabi/bin/as -v -march=armv4t -mfloat-abi=soft -meabi=5 -o CMakeFiles/cmTC_d6819.dir/CMakeCXXCompilerABI.cpp.obj /tmp/ccg36NRn.s]
  ignore line: [GNU assembler version 2.40.0 (arm-none-eabi) using BFD version (Arm GNU Toolchain 12.3.Rel1 (Build arm-12.35)) 2.40.0.20230627]
  ignore line: [COMPILER_PATH=/home/wangguan/Software/arm-none-eabi-gcc/bin/../libexec/gcc/arm-none-eabi/12.3.1/:/home/wangguan/Software/arm-none-eabi-gcc/bin/../libexec/gcc/:/home/wangguan/Software/arm-none-eabi-gcc/bin/../lib/gcc/arm-none-eabi/12.3.1/../../../../arm-none-eabi/bin/]
  ignore line: [LIBRARY_PATH=/home/wangguan/Software/arm-none-eabi-gcc/bin/../lib/gcc/arm-none-eabi/12.3.1/:/home/wangguan/Software/arm-none-eabi-gcc/bin/../lib/gcc/:/home/wangguan/Software/arm-none-eabi-gcc/bin/../lib/gcc/arm-none-eabi/12.3.1/../../../../arm-none-eabi/lib/:/home/wangguan/Software/arm-none-eabi-gcc/bin/../arm-none-eabi/lib/]
  ignore line: [COLLECT_GCC_OPTIONS='-fdiagnostics-color=always' '-v' '-o' 'CMakeFiles/cmTC_d6819.dir/CMakeCXXCompilerABI.cpp.obj' '-c' '-mcpu=arm7tdmi' '-mfloat-abi=soft' '-marm' '-mlibarch=armv4t' '-march=armv4t' '-dumpdir' 'CMakeFiles/cmTC_d6819.dir/CMakeCXXCompilerABI.cpp.']
  ignore line: [Linking CXX static library libcmTC_d6819.a]
  ignore line: [/home/wangguan/Software/clion-2023.1.5/bin/cmake/linux/x64/bin/cmake -P CMakeFiles/cmTC_d6819.dir/cmake_clean_target.cmake]
  ignore line: [/home/wangguan/Software/clion-2023.1.5/bin/cmake/linux/x64/bin/cmake -E cmake_link_script CMakeFiles/cmTC_d6819.dir/link.txt --verbose=1]
  ignore line: [arm-none-eabi-ar qc libcmTC_d6819.a CMakeFiles/cmTC_d6819.dir/CMakeCXXCompilerABI.cpp.obj]
  ignore line: [/home/wangguan/Software/arm-none-eabi-gcc/bin/arm-none-eabi-ranlib libcmTC_d6819.a]
  ignore line: [gmake[1]: Leaving directory '/home/wangguan/桌面/STM32/Lighting_effect_control/cmake-build-debug/CMakeFiles/CMakeScratch/TryCompile-xyXkxx']
  ignore line: []
  ignore line: []
  implicit libs: []
  implicit objs: []
  implicit dirs: []
  implicit fwks: []


